2017/09/13 15:54:52 INFO  - jmeter.util.JMeterUtils: Setting Locale to en_US 
2017/09/13 15:54:52 INFO  - jmeter.JMeter: Loading system properties from: /Users/sumitsoman/Documents/workspace/mobility-performance/target/jmeter/bin/system.properties 
2017/09/13 15:54:52 INFO  - jmeter.JMeter: Copyright (c) 1998-2016 The Apache Software Foundation 
2017/09/13 15:54:52 INFO  - jmeter.JMeter: Version 3.0 r1743807 
2017/09/13 15:54:52 INFO  - jmeter.JMeter: java.version=1.8.0_144 
2017/09/13 15:54:52 INFO  - jmeter.JMeter: java.vm.name=Java HotSpot(TM) 64-Bit Server VM 
2017/09/13 15:54:52 INFO  - jmeter.JMeter: os.name=Mac OS X 
2017/09/13 15:54:52 INFO  - jmeter.JMeter: os.arch=x86_64 
2017/09/13 15:54:52 INFO  - jmeter.JMeter: os.version=10.12 
2017/09/13 15:54:52 INFO  - jmeter.JMeter: file.encoding=UTF-8 
2017/09/13 15:54:52 INFO  - jmeter.JMeter: Max memory     =1029177344 
2017/09/13 15:54:52 INFO  - jmeter.JMeter: Available Processors =8 
2017/09/13 15:54:52 INFO  - jmeter.JMeter: Default Locale=English (United States) 
2017/09/13 15:54:52 INFO  - jmeter.JMeter: JMeter  Locale=English (United States) 
2017/09/13 15:54:52 INFO  - jmeter.JMeter: JMeterHome=/Users/sumitsoman/Documents/workspace/mobility-performance/target/jmeter 
2017/09/13 15:54:52 INFO  - jmeter.JMeter: user.dir  =/Users/sumitsoman/Documents/workspace/mobility-performance/target/jmeter/bin 
2017/09/13 15:54:52 INFO  - jmeter.JMeter: PWD       =/Users/sumitsoman/Documents/workspace/mobility-performance/target/jmeter/bin 
2017/09/13 15:54:52 INFO  - jmeter.JMeter: IP: 172.30.246.61 Name: GGN-148812-C02S70ZBG8WP FullName: 172.30.246.61 
2017/09/13 15:54:52 INFO  - jmeter.services.FileServer: Default base='/Users/sumitsoman/Documents/workspace/mobility-performance/target/jmeter/bin' 
2017/09/13 15:54:52 INFO  - jmeter.services.FileServer: Set new base='/Users/sumitsoman/Documents/workspace/mobility-performance/target/jmeter/testFiles' 
2017/09/13 15:54:52 INFO  - jmeter.save.SaveService: Testplan (JMX) version: 2.2. Testlog (JTL) version: 2.2 
2017/09/13 15:54:52 INFO  - jmeter.save.SaveService: Using SaveService properties file encoding UTF-8 
2017/09/13 15:54:52 INFO  - jmeter.save.SaveService: Using SaveService properties version 2.9 
2017/09/13 15:54:52 INFO  - jmeter.save.SaveService: All converter versions present and correct 
2017/09/13 15:54:52 INFO  - jmeter.save.SaveService: Loading file: /Users/sumitsoman/Documents/workspace/mobility-performance/target/jmeter/testFiles/GetBenefitAPI.jmx 
2017/09/13 15:54:52 INFO  - jmeter.protocol.http.sampler.HTTPSamplerBase: Parser for text/html is org.apache.jmeter.protocol.http.parser.LagartoBasedHtmlParser 
2017/09/13 15:54:52 INFO  - jmeter.protocol.http.sampler.HTTPSamplerBase: Parser for application/xhtml+xml is org.apache.jmeter.protocol.http.parser.LagartoBasedHtmlParser 
2017/09/13 15:54:52 INFO  - jmeter.protocol.http.sampler.HTTPSamplerBase: Parser for application/xml is org.apache.jmeter.protocol.http.parser.LagartoBasedHtmlParser 
2017/09/13 15:54:52 INFO  - jmeter.protocol.http.sampler.HTTPSamplerBase: Parser for text/xml is org.apache.jmeter.protocol.http.parser.LagartoBasedHtmlParser 
2017/09/13 15:54:52 INFO  - jmeter.protocol.http.sampler.HTTPSamplerBase: Parser for text/vnd.wap.wml is org.apache.jmeter.protocol.http.parser.RegexpHTMLParser 
2017/09/13 15:54:52 INFO  - jmeter.protocol.http.sampler.HTTPSamplerBase: Parser for text/css is org.apache.jmeter.protocol.http.parser.CssParser 
2017/09/13 15:54:52 INFO  - jmeter.protocol.http.control.CookieManager: Settings: Delete null: true Check: true Allow variable: true Save: false Prefix: COOKIE_ 
2017/09/13 15:54:53 INFO  - jmeter.JMeter: Creating summariser <summary> 
2017/09/13 15:54:53 INFO  - jmeter.engine.StandardJMeterEngine: Running the test! 
2017/09/13 15:54:53 INFO  - jmeter.samplers.SampleEvent: List of sample_variables: [] 
2017/09/13 15:54:53 INFO  - jmeter.samplers.SampleEvent: List of sample_variables: [] 
2017/09/13 15:54:53 INFO  - jmeter.engine.util.CompoundVariable: Note: Function class names must contain the string: '.functions.' 
2017/09/13 15:54:53 INFO  - jmeter.engine.util.CompoundVariable: Note: Function class names must not contain the string: '.gui.' 
2017/09/13 15:54:53 INFO  - jmeter.JMeter: Running test (1505298293095) 
2017/09/13 15:54:53 INFO  - jmeter.engine.StandardJMeterEngine: Starting ThreadGroup: 1 : Thread Group 
2017/09/13 15:54:53 INFO  - jmeter.engine.StandardJMeterEngine: Starting 100 threads for group Thread Group. 
2017/09/13 15:54:53 INFO  - jmeter.engine.StandardJMeterEngine: Thread will continue on error 
2017/09/13 15:54:53 INFO  - jmeter.threads.ThreadGroup: Starting thread group number 1 threads 100 ramp-up 10 perThread 100.0 delayedStart=false 
2017/09/13 15:54:53 INFO  - jmeter.samplers.SampleResult: Note: Sample TimeStamps are START times 
2017/09/13 15:54:53 INFO  - jmeter.samplers.SampleResult: sampleresult.default.encoding is set to ISO-8859-1 
2017/09/13 15:54:53 INFO  - jmeter.samplers.SampleResult: sampleresult.useNanoTime=true 
2017/09/13 15:54:53 INFO  - jmeter.samplers.SampleResult: sampleresult.nanoThreadSleep=5000 
2017/09/13 15:54:53 INFO  - jmeter.threads.JMeterThread: Thread started: Thread Group 1-1 
2017/09/13 15:54:53 INFO  - jmeter.protocol.http.sampler.HTTPHCAbstractImpl: Local host = GGN-148812-C02S70ZBG8WP 
2017/09/13 15:54:53 INFO  - jmeter.protocol.http.sampler.HTTPHC4Impl: HTTP request retry count = 0 
2017/09/13 15:54:53 INFO  - jmeter.threads.ThreadGroup: Started thread group number 1 
2017/09/13 15:54:53 INFO  - jmeter.engine.StandardJMeterEngine: All thread groups have been started 
2017/09/13 15:54:53 INFO  - jmeter.threads.JMeterThread: Thread started: Thread Group 1-2 
2017/09/13 15:54:53 INFO  - jmeter.threads.JMeterThread: Thread started: Thread Group 1-3 
2017/09/13 15:54:53 INFO  - jmeter.threads.JMeterThread: Thread started: Thread Group 1-4 
2017/09/13 15:54:53 INFO  - jmeter.threads.JMeterThread: Thread started: Thread Group 1-5 
2017/09/13 15:54:53 INFO  - jmeter.threads.JMeterThread: Thread started: Thread Group 1-6 
2017/09/13 15:54:53 INFO  - jmeter.threads.JMeterThread: Thread started: Thread Group 1-7 
2017/09/13 15:54:53 INFO  - jmeter.threads.JMeterThread: Thread started: Thread Group 1-8 
2017/09/13 15:54:53 INFO  - jmeter.threads.JMeterThread: Thread started: Thread Group 1-9 
2017/09/13 15:54:54 INFO  - jmeter.threads.JMeterThread: Thread started: Thread Group 1-10 
2017/09/13 15:54:54 INFO  - jmeter.threads.JMeterThread: Thread started: Thread Group 1-11 
2017/09/13 15:54:54 INFO  - jmeter.threads.JMeterThread: Thread started: Thread Group 1-12 
2017/09/13 15:54:54 INFO  - jmeter.threads.JMeterThread: Thread started: Thread Group 1-13 
2017/09/13 15:54:54 INFO  - jmeter.threads.JMeterThread: Thread started: Thread Group 1-14 
2017/09/13 15:54:54 INFO  - jmeter.threads.JMeterThread: Thread started: Thread Group 1-15 
2017/09/13 15:54:54 INFO  - jmeter.threads.JMeterThread: Thread started: Thread Group 1-16 
2017/09/13 15:54:54 INFO  - jmeter.threads.JMeterThread: Thread started: Thread Group 1-17 
2017/09/13 15:54:54 INFO  - jmeter.threads.JMeterThread: Thread started: Thread Group 1-18 
2017/09/13 15:54:54 INFO  - jmeter.threads.JMeterThread: Thread started: Thread Group 1-19 
2017/09/13 15:54:55 INFO  - jmeter.threads.JMeterThread: Thread started: Thread Group 1-20 
2017/09/13 15:54:55 INFO  - jmeter.threads.JMeterThread: Thread started: Thread Group 1-21 
2017/09/13 15:54:55 INFO  - jmeter.threads.JMeterThread: Thread started: Thread Group 1-22 
2017/09/13 15:54:55 INFO  - jmeter.threads.JMeterThread: Thread started: Thread Group 1-23 
2017/09/13 15:54:55 INFO  - jmeter.threads.JMeterThread: Thread started: Thread Group 1-24 
2017/09/13 15:54:55 INFO  - jmeter.threads.JMeterThread: Thread started: Thread Group 1-25 
2017/09/13 15:54:55 INFO  - jmeter.threads.JMeterThread: Thread started: Thread Group 1-26 
2017/09/13 15:54:55 INFO  - jmeter.threads.JMeterThread: Thread started: Thread Group 1-27 
2017/09/13 15:54:55 INFO  - jmeter.threads.JMeterThread: Thread started: Thread Group 1-28 
2017/09/13 15:54:55 INFO  - jmeter.threads.JMeterThread: Thread started: Thread Group 1-29 
2017/09/13 15:54:56 INFO  - jmeter.threads.JMeterThread: Thread started: Thread Group 1-30 
2017/09/13 15:54:56 INFO  - jmeter.threads.JMeterThread: Thread started: Thread Group 1-31 
2017/09/13 15:54:56 INFO  - jmeter.threads.JMeterThread: Thread started: Thread Group 1-32 
2017/09/13 15:54:56 INFO  - jmeter.threads.JMeterThread: Thread started: Thread Group 1-33 
2017/09/13 15:54:56 INFO  - jmeter.threads.JMeterThread: Thread started: Thread Group 1-34 
2017/09/13 15:54:56 INFO  - jmeter.threads.JMeterThread: Thread started: Thread Group 1-35 
2017/09/13 15:54:56 INFO  - jmeter.threads.JMeterThread: Thread started: Thread Group 1-36 
2017/09/13 15:54:56 INFO  - jmeter.threads.JMeterThread: Thread started: Thread Group 1-37 
2017/09/13 15:54:56 INFO  - jmeter.threads.JMeterThread: Thread started: Thread Group 1-38 
2017/09/13 15:54:56 INFO  - jmeter.threads.JMeterThread: Thread started: Thread Group 1-39 
2017/09/13 15:54:57 INFO  - jmeter.threads.JMeterThread: Thread started: Thread Group 1-40 
2017/09/13 15:54:57 INFO  - jmeter.threads.JMeterThread: Thread started: Thread Group 1-41 
2017/09/13 15:54:57 INFO  - jmeter.threads.JMeterThread: Thread started: Thread Group 1-42 
2017/09/13 15:54:57 INFO  - jmeter.threads.JMeterThread: Thread started: Thread Group 1-43 
2017/09/13 15:54:57 INFO  - jmeter.threads.JMeterThread: Thread started: Thread Group 1-44 
2017/09/13 15:54:57 INFO  - jmeter.threads.JMeterThread: Thread started: Thread Group 1-45 
2017/09/13 15:54:57 INFO  - jmeter.threads.JMeterThread: Thread started: Thread Group 1-46 
2017/09/13 15:54:57 INFO  - jmeter.threads.JMeterThread: Thread started: Thread Group 1-47 
2017/09/13 15:54:57 INFO  - jmeter.threads.JMeterThread: Thread started: Thread Group 1-48 
2017/09/13 15:54:57 INFO  - jmeter.threads.JMeterThread: Thread started: Thread Group 1-49 
2017/09/13 15:54:58 INFO  - jmeter.threads.JMeterThread: Thread started: Thread Group 1-50 
2017/09/13 15:54:58 INFO  - jmeter.threads.JMeterThread: Thread started: Thread Group 1-51 
2017/09/13 15:54:58 INFO  - jmeter.threads.JMeterThread: Thread started: Thread Group 1-52 
2017/09/13 15:54:58 INFO  - jmeter.threads.JMeterThread: Thread started: Thread Group 1-53 
2017/09/13 15:54:58 INFO  - jmeter.threads.JMeterThread: Thread started: Thread Group 1-54 
2017/09/13 15:54:58 INFO  - jmeter.threads.JMeterThread: Thread started: Thread Group 1-55 
2017/09/13 15:54:58 INFO  - jmeter.threads.JMeterThread: Thread started: Thread Group 1-56 
2017/09/13 15:54:58 INFO  - jmeter.threads.JMeterThread: Thread started: Thread Group 1-57 
2017/09/13 15:54:58 INFO  - jmeter.threads.JMeterThread: Thread started: Thread Group 1-58 
2017/09/13 15:54:58 INFO  - jmeter.threads.JMeterThread: Thread started: Thread Group 1-59 
2017/09/13 15:54:59 INFO  - jmeter.threads.JMeterThread: Thread started: Thread Group 1-60 
2017/09/13 15:54:59 INFO  - jmeter.threads.JMeterThread: Thread started: Thread Group 1-61 
2017/09/13 15:54:59 INFO  - jmeter.threads.JMeterThread: Thread is done: Thread Group 1-4 
2017/09/13 15:54:59 INFO  - jmeter.threads.JMeterThread: Thread finished: Thread Group 1-4 
2017/09/13 15:54:59 INFO  - jmeter.threads.JMeterThread: Thread is done: Thread Group 1-5 
2017/09/13 15:54:59 INFO  - jmeter.threads.JMeterThread: Thread finished: Thread Group 1-5 
2017/09/13 15:54:59 INFO  - jmeter.threads.JMeterThread: Thread is done: Thread Group 1-3 
2017/09/13 15:54:59 INFO  - jmeter.threads.JMeterThread: Thread finished: Thread Group 1-3 
2017/09/13 15:54:59 INFO  - jmeter.threads.JMeterThread: Thread is done: Thread Group 1-1 
2017/09/13 15:54:59 INFO  - jmeter.threads.JMeterThread: Thread finished: Thread Group 1-1 
2017/09/13 15:54:59 INFO  - jmeter.threads.JMeterThread: Thread is done: Thread Group 1-2 
2017/09/13 15:54:59 INFO  - jmeter.threads.JMeterThread: Thread finished: Thread Group 1-2 
2017/09/13 15:54:59 INFO  - jmeter.threads.JMeterThread: Thread started: Thread Group 1-62 
2017/09/13 15:54:59 INFO  - jmeter.threads.JMeterThread: Thread started: Thread Group 1-63 
2017/09/13 15:54:59 INFO  - jmeter.threads.JMeterThread: Thread started: Thread Group 1-64 
2017/09/13 15:54:59 INFO  - jmeter.threads.JMeterThread: Thread started: Thread Group 1-65 
2017/09/13 15:54:59 INFO  - jmeter.threads.JMeterThread: Thread started: Thread Group 1-66 
2017/09/13 15:54:59 INFO  - jmeter.threads.JMeterThread: Thread is done: Thread Group 1-24 
2017/09/13 15:54:59 INFO  - jmeter.threads.JMeterThread: Thread finished: Thread Group 1-24 
2017/09/13 15:54:59 INFO  - jmeter.threads.JMeterThread: Thread is done: Thread Group 1-23 
2017/09/13 15:54:59 INFO  - jmeter.threads.JMeterThread: Thread finished: Thread Group 1-23 
2017/09/13 15:54:59 INFO  - jmeter.threads.JMeterThread: Thread is done: Thread Group 1-21 
2017/09/13 15:54:59 INFO  - jmeter.threads.JMeterThread: Thread finished: Thread Group 1-21 
2017/09/13 15:54:59 INFO  - jmeter.threads.JMeterThread: Thread is done: Thread Group 1-22 
2017/09/13 15:54:59 INFO  - jmeter.threads.JMeterThread: Thread finished: Thread Group 1-22 
2017/09/13 15:54:59 INFO  - jmeter.threads.JMeterThread: Thread is done: Thread Group 1-25 
2017/09/13 15:54:59 INFO  - jmeter.threads.JMeterThread: Thread finished: Thread Group 1-25 
2017/09/13 15:54:59 INFO  - jmeter.threads.JMeterThread: Thread started: Thread Group 1-67 
2017/09/13 15:54:59 INFO  - jmeter.threads.JMeterThread: Thread started: Thread Group 1-68 
2017/09/13 15:54:59 INFO  - jmeter.threads.JMeterThread: Thread started: Thread Group 1-69 
2017/09/13 15:55:00 INFO  - jmeter.threads.JMeterThread: Thread started: Thread Group 1-70 
2017/09/13 15:55:00 INFO  - jmeter.threads.JMeterThread: Thread started: Thread Group 1-71 
2017/09/13 15:55:00 INFO  - jmeter.threads.JMeterThread: Thread started: Thread Group 1-72 
2017/09/13 15:55:00 INFO  - jmeter.reporters.Summariser: summary +    279 in 00:00:07 =   38.7/s Avg:  1445 Min:   488 Max:  3400 Err:    88 (31.54%) Active: 62 Started: 72 Finished: 10 
2017/09/13 15:55:00 INFO  - jmeter.threads.JMeterThread: Thread is done: Thread Group 1-28 
2017/09/13 15:55:00 INFO  - jmeter.threads.JMeterThread: Thread finished: Thread Group 1-28 
2017/09/13 15:55:00 INFO  - jmeter.threads.JMeterThread: Thread is done: Thread Group 1-29 
2017/09/13 15:55:00 INFO  - jmeter.threads.JMeterThread: Thread finished: Thread Group 1-29 
2017/09/13 15:55:00 INFO  - jmeter.threads.JMeterThread: Thread is done: Thread Group 1-30 
2017/09/13 15:55:00 INFO  - jmeter.threads.JMeterThread: Thread finished: Thread Group 1-30 
2017/09/13 15:55:00 INFO  - jmeter.threads.JMeterThread: Thread is done: Thread Group 1-27 
2017/09/13 15:55:00 INFO  - jmeter.threads.JMeterThread: Thread finished: Thread Group 1-27 
2017/09/13 15:55:00 INFO  - jmeter.threads.JMeterThread: Thread is done: Thread Group 1-31 
2017/09/13 15:55:00 INFO  - jmeter.threads.JMeterThread: Thread finished: Thread Group 1-31 
2017/09/13 15:55:00 INFO  - jmeter.threads.JMeterThread: Thread started: Thread Group 1-73 
2017/09/13 15:55:00 INFO  - jmeter.threads.JMeterThread: Thread started: Thread Group 1-74 
2017/09/13 15:55:00 INFO  - jmeter.threads.JMeterThread: Thread started: Thread Group 1-75 
2017/09/13 15:55:00 INFO  - jmeter.threads.JMeterThread: Thread started: Thread Group 1-76 
2017/09/13 15:55:00 INFO  - jmeter.threads.JMeterThread: Thread started: Thread Group 1-77 
2017/09/13 15:55:00 INFO  - jmeter.threads.JMeterThread: Thread started: Thread Group 1-78 
2017/09/13 15:55:00 INFO  - jmeter.threads.JMeterThread: Thread is done: Thread Group 1-10 
2017/09/13 15:55:00 INFO  - jmeter.threads.JMeterThread: Thread finished: Thread Group 1-10 
2017/09/13 15:55:00 INFO  - jmeter.threads.JMeterThread: Thread is done: Thread Group 1-35 
2017/09/13 15:55:00 INFO  - jmeter.threads.JMeterThread: Thread finished: Thread Group 1-35 
2017/09/13 15:55:00 INFO  - jmeter.threads.JMeterThread: Thread is done: Thread Group 1-19 
2017/09/13 15:55:00 INFO  - jmeter.threads.JMeterThread: Thread is done: Thread Group 1-7 
2017/09/13 15:55:00 INFO  - jmeter.threads.JMeterThread: Thread finished: Thread Group 1-7 
2017/09/13 15:55:00 INFO  - jmeter.threads.JMeterThread: Thread finished: Thread Group 1-19 
2017/09/13 15:55:00 INFO  - jmeter.threads.JMeterThread: Thread is done: Thread Group 1-11 
2017/09/13 15:55:00 INFO  - jmeter.threads.JMeterThread: Thread finished: Thread Group 1-11 
2017/09/13 15:55:00 INFO  - jmeter.threads.JMeterThread: Thread is done: Thread Group 1-8 
2017/09/13 15:55:00 INFO  - jmeter.threads.JMeterThread: Thread finished: Thread Group 1-8 
2017/09/13 15:55:00 INFO  - jmeter.threads.JMeterThread: Thread is done: Thread Group 1-13 
2017/09/13 15:55:00 INFO  - jmeter.threads.JMeterThread: Thread finished: Thread Group 1-13 
2017/09/13 15:55:00 INFO  - jmeter.threads.JMeterThread: Thread is done: Thread Group 1-20 
2017/09/13 15:55:00 INFO  - jmeter.threads.JMeterThread: Thread finished: Thread Group 1-20 
2017/09/13 15:55:00 INFO  - jmeter.threads.JMeterThread: Thread is done: Thread Group 1-36 
2017/09/13 15:55:00 INFO  - jmeter.threads.JMeterThread: Thread finished: Thread Group 1-36 
2017/09/13 15:55:00 INFO  - jmeter.threads.JMeterThread: Thread is done: Thread Group 1-32 
2017/09/13 15:55:00 INFO  - jmeter.threads.JMeterThread: Thread finished: Thread Group 1-32 
2017/09/13 15:55:00 INFO  - jmeter.threads.JMeterThread: Thread is done: Thread Group 1-17 
2017/09/13 15:55:00 INFO  - jmeter.threads.JMeterThread: Thread finished: Thread Group 1-17 
2017/09/13 15:55:00 INFO  - jmeter.threads.JMeterThread: Thread is done: Thread Group 1-9 
2017/09/13 15:55:00 INFO  - jmeter.threads.JMeterThread: Thread finished: Thread Group 1-9 
2017/09/13 15:55:00 INFO  - jmeter.threads.JMeterThread: Thread is done: Thread Group 1-16 
2017/09/13 15:55:00 INFO  - jmeter.threads.JMeterThread: Thread finished: Thread Group 1-16 
2017/09/13 15:55:00 INFO  - jmeter.threads.JMeterThread: Thread is done: Thread Group 1-18 
2017/09/13 15:55:00 INFO  - jmeter.threads.JMeterThread: Thread finished: Thread Group 1-18 
2017/09/13 15:55:00 INFO  - jmeter.threads.JMeterThread: Thread is done: Thread Group 1-15 
2017/09/13 15:55:00 INFO  - jmeter.threads.JMeterThread: Thread is done: Thread Group 1-14 
2017/09/13 15:55:00 INFO  - jmeter.threads.JMeterThread: Thread finished: Thread Group 1-15 
2017/09/13 15:55:00 INFO  - jmeter.threads.JMeterThread: Thread finished: Thread Group 1-14 
2017/09/13 15:55:00 INFO  - jmeter.threads.JMeterThread: Thread is done: Thread Group 1-12 
2017/09/13 15:55:00 INFO  - jmeter.threads.JMeterThread: Thread finished: Thread Group 1-12 
2017/09/13 15:55:00 INFO  - jmeter.threads.JMeterThread: Thread is done: Thread Group 1-33 
2017/09/13 15:55:00 INFO  - jmeter.threads.JMeterThread: Thread finished: Thread Group 1-33 
2017/09/13 15:55:00 INFO  - jmeter.threads.JMeterThread: Thread is done: Thread Group 1-6 
2017/09/13 15:55:00 INFO  - jmeter.threads.JMeterThread: Thread finished: Thread Group 1-6 
2017/09/13 15:55:00 INFO  - jmeter.threads.JMeterThread: Thread started: Thread Group 1-79 
2017/09/13 15:55:01 INFO  - jmeter.threads.JMeterThread: Thread started: Thread Group 1-80 
2017/09/13 15:55:01 INFO  - jmeter.threads.JMeterThread: Thread started: Thread Group 1-81 
2017/09/13 15:55:01 INFO  - jmeter.threads.JMeterThread: Thread started: Thread Group 1-82 
2017/09/13 15:55:01 INFO  - jmeter.threads.JMeterThread: Thread is done: Thread Group 1-26 
2017/09/13 15:55:01 INFO  - jmeter.threads.JMeterThread: Thread finished: Thread Group 1-26 
2017/09/13 15:55:01 INFO  - jmeter.threads.JMeterThread: Thread is done: Thread Group 1-41 
2017/09/13 15:55:01 INFO  - jmeter.threads.JMeterThread: Thread finished: Thread Group 1-41 
2017/09/13 15:55:01 INFO  - jmeter.threads.JMeterThread: Thread is done: Thread Group 1-37 
2017/09/13 15:55:01 INFO  - jmeter.threads.JMeterThread: Thread finished: Thread Group 1-37 
2017/09/13 15:55:01 INFO  - jmeter.threads.JMeterThread: Thread is done: Thread Group 1-40 
2017/09/13 15:55:01 INFO  - jmeter.threads.JMeterThread: Thread is done: Thread Group 1-38 
2017/09/13 15:55:01 INFO  - jmeter.threads.JMeterThread: Thread finished: Thread Group 1-40 
2017/09/13 15:55:01 INFO  - jmeter.threads.JMeterThread: Thread finished: Thread Group 1-38 
2017/09/13 15:55:01 INFO  - jmeter.threads.JMeterThread: Thread started: Thread Group 1-83 
2017/09/13 15:55:01 INFO  - jmeter.threads.JMeterThread: Thread started: Thread Group 1-84 
2017/09/13 15:55:01 INFO  - jmeter.threads.JMeterThread: Thread started: Thread Group 1-85 
2017/09/13 15:55:01 INFO  - jmeter.threads.JMeterThread: Thread started: Thread Group 1-86 
2017/09/13 15:55:01 INFO  - jmeter.threads.JMeterThread: Thread started: Thread Group 1-87 
2017/09/13 15:55:01 INFO  - jmeter.threads.JMeterThread: Thread started: Thread Group 1-88 
2017/09/13 15:55:01 INFO  - jmeter.threads.JMeterThread: Thread started: Thread Group 1-89 
2017/09/13 15:55:02 INFO  - jmeter.threads.JMeterThread: Thread started: Thread Group 1-90 
2017/09/13 15:55:02 INFO  - jmeter.threads.JMeterThread: Thread started: Thread Group 1-91 
2017/09/13 15:55:02 INFO  - jmeter.threads.JMeterThread: Thread started: Thread Group 1-92 
2017/09/13 15:55:02 INFO  - jmeter.threads.JMeterThread: Thread started: Thread Group 1-93 
2017/09/13 15:55:02 INFO  - jmeter.threads.JMeterThread: Thread is done: Thread Group 1-44 
2017/09/13 15:55:02 INFO  - jmeter.threads.JMeterThread: Thread is done: Thread Group 1-43 
2017/09/13 15:55:02 INFO  - jmeter.threads.JMeterThread: Thread finished: Thread Group 1-44 
2017/09/13 15:55:02 INFO  - jmeter.threads.JMeterThread: Thread finished: Thread Group 1-43 
2017/09/13 15:55:02 INFO  - jmeter.threads.JMeterThread: Thread is done: Thread Group 1-46 
2017/09/13 15:55:02 INFO  - jmeter.threads.JMeterThread: Thread finished: Thread Group 1-46 
2017/09/13 15:55:02 INFO  - jmeter.threads.JMeterThread: Thread is done: Thread Group 1-45 
2017/09/13 15:55:02 INFO  - jmeter.threads.JMeterThread: Thread finished: Thread Group 1-45 
2017/09/13 15:55:02 INFO  - jmeter.threads.JMeterThread: Thread is done: Thread Group 1-42 
2017/09/13 15:55:02 INFO  - jmeter.threads.JMeterThread: Thread finished: Thread Group 1-42 
2017/09/13 15:55:02 INFO  - jmeter.threads.JMeterThread: Thread started: Thread Group 1-94 
2017/09/13 15:55:02 INFO  - jmeter.threads.JMeterThread: Thread started: Thread Group 1-95 
2017/09/13 15:55:02 INFO  - jmeter.threads.JMeterThread: Thread started: Thread Group 1-96 
2017/09/13 15:55:02 INFO  - jmeter.threads.JMeterThread: Thread started: Thread Group 1-97 
2017/09/13 15:55:02 INFO  - jmeter.threads.JMeterThread: Thread started: Thread Group 1-98 
2017/09/13 15:55:02 INFO  - jmeter.threads.JMeterThread: Thread is done: Thread Group 1-51 
2017/09/13 15:55:02 INFO  - jmeter.threads.JMeterThread: Thread finished: Thread Group 1-51 
2017/09/13 15:55:02 INFO  - jmeter.threads.JMeterThread: Thread is done: Thread Group 1-49 
2017/09/13 15:55:02 INFO  - jmeter.threads.JMeterThread: Thread finished: Thread Group 1-49 
2017/09/13 15:55:02 INFO  - jmeter.threads.JMeterThread: Thread is done: Thread Group 1-48 
2017/09/13 15:55:02 INFO  - jmeter.threads.JMeterThread: Thread finished: Thread Group 1-48 
2017/09/13 15:55:03 INFO  - jmeter.threads.JMeterThread: Thread started: Thread Group 1-99 
2017/09/13 15:55:03 INFO  - jmeter.threads.JMeterThread: Thread started: Thread Group 1-100 
2017/09/13 15:55:03 INFO  - jmeter.threads.JMeterThread: Thread is done: Thread Group 1-56 
2017/09/13 15:55:03 INFO  - jmeter.threads.JMeterThread: Thread finished: Thread Group 1-56 
2017/09/13 15:55:03 INFO  - jmeter.threads.JMeterThread: Thread is done: Thread Group 1-55 
2017/09/13 15:55:03 INFO  - jmeter.threads.JMeterThread: Thread finished: Thread Group 1-55 
2017/09/13 15:55:03 INFO  - jmeter.threads.JMeterThread: Thread is done: Thread Group 1-39 
2017/09/13 15:55:03 INFO  - jmeter.threads.JMeterThread: Thread finished: Thread Group 1-39 
2017/09/13 15:55:03 INFO  - jmeter.threads.JMeterThread: Thread is done: Thread Group 1-53 
2017/09/13 15:55:03 INFO  - jmeter.threads.JMeterThread: Thread finished: Thread Group 1-53 
2017/09/13 15:55:03 INFO  - jmeter.threads.JMeterThread: Thread is done: Thread Group 1-54 
2017/09/13 15:55:03 INFO  - jmeter.threads.JMeterThread: Thread finished: Thread Group 1-54 
2017/09/13 15:55:03 INFO  - jmeter.threads.JMeterThread: Thread is done: Thread Group 1-34 
2017/09/13 15:55:03 INFO  - jmeter.threads.JMeterThread: Thread finished: Thread Group 1-34 
2017/09/13 15:55:07 INFO  - jmeter.threads.JMeterThread: Thread is done: Thread Group 1-66 
2017/09/13 15:55:07 INFO  - jmeter.threads.JMeterThread: Thread finished: Thread Group 1-66 
2017/09/13 15:55:07 INFO  - jmeter.threads.JMeterThread: Thread is done: Thread Group 1-63 
2017/09/13 15:55:07 INFO  - jmeter.threads.JMeterThread: Thread finished: Thread Group 1-63 
2017/09/13 15:55:07 INFO  - jmeter.threads.JMeterThread: Thread is done: Thread Group 1-64 
2017/09/13 15:55:07 INFO  - jmeter.threads.JMeterThread: Thread finished: Thread Group 1-64 
2017/09/13 15:55:07 INFO  - jmeter.threads.JMeterThread: Thread is done: Thread Group 1-59 
2017/09/13 15:55:07 INFO  - jmeter.threads.JMeterThread: Thread finished: Thread Group 1-59 
2017/09/13 15:55:07 INFO  - jmeter.threads.JMeterThread: Thread is done: Thread Group 1-47 
2017/09/13 15:55:07 INFO  - jmeter.threads.JMeterThread: Thread finished: Thread Group 1-47 
2017/09/13 15:55:07 INFO  - jmeter.threads.JMeterThread: Thread is done: Thread Group 1-52 
2017/09/13 15:55:07 INFO  - jmeter.threads.JMeterThread: Thread finished: Thread Group 1-52 
2017/09/13 15:55:07 INFO  - jmeter.threads.JMeterThread: Thread is done: Thread Group 1-62 
2017/09/13 15:55:07 INFO  - jmeter.threads.JMeterThread: Thread finished: Thread Group 1-62 
2017/09/13 15:55:07 INFO  - jmeter.threads.JMeterThread: Thread is done: Thread Group 1-69 
2017/09/13 15:55:07 INFO  - jmeter.threads.JMeterThread: Thread finished: Thread Group 1-69 
2017/09/13 15:55:07 INFO  - jmeter.threads.JMeterThread: Thread is done: Thread Group 1-75 
2017/09/13 15:55:07 INFO  - jmeter.threads.JMeterThread: Thread finished: Thread Group 1-75 
2017/09/13 15:55:07 INFO  - jmeter.threads.JMeterThread: Thread is done: Thread Group 1-76 
2017/09/13 15:55:07 INFO  - jmeter.threads.JMeterThread: Thread finished: Thread Group 1-76 
2017/09/13 15:55:07 INFO  - jmeter.threads.JMeterThread: Thread is done: Thread Group 1-73 
2017/09/13 15:55:07 INFO  - jmeter.threads.JMeterThread: Thread finished: Thread Group 1-73 
2017/09/13 15:55:07 INFO  - jmeter.threads.JMeterThread: Thread is done: Thread Group 1-58 
2017/09/13 15:55:07 INFO  - jmeter.threads.JMeterThread: Thread finished: Thread Group 1-58 
2017/09/13 15:55:07 INFO  - jmeter.threads.JMeterThread: Thread is done: Thread Group 1-78 
2017/09/13 15:55:07 INFO  - jmeter.threads.JMeterThread: Thread finished: Thread Group 1-78 
2017/09/13 15:55:07 INFO  - jmeter.threads.JMeterThread: Thread is done: Thread Group 1-77 
2017/09/13 15:55:07 INFO  - jmeter.threads.JMeterThread: Thread finished: Thread Group 1-77 
2017/09/13 15:55:07 INFO  - jmeter.threads.JMeterThread: Thread is done: Thread Group 1-71 
2017/09/13 15:55:07 INFO  - jmeter.threads.JMeterThread: Thread finished: Thread Group 1-71 
2017/09/13 15:55:07 INFO  - jmeter.threads.JMeterThread: Thread is done: Thread Group 1-68 
2017/09/13 15:55:07 INFO  - jmeter.threads.JMeterThread: Thread finished: Thread Group 1-68 
2017/09/13 15:55:08 INFO  - jmeter.threads.JMeterThread: Thread is done: Thread Group 1-57 
2017/09/13 15:55:08 INFO  - jmeter.threads.JMeterThread: Thread finished: Thread Group 1-57 
2017/09/13 15:55:08 INFO  - jmeter.threads.JMeterThread: Thread is done: Thread Group 1-67 
2017/09/13 15:55:08 INFO  - jmeter.threads.JMeterThread: Thread finished: Thread Group 1-67 
2017/09/13 15:55:08 INFO  - jmeter.threads.JMeterThread: Thread is done: Thread Group 1-70 
2017/09/13 15:55:08 INFO  - jmeter.threads.JMeterThread: Thread finished: Thread Group 1-70 
2017/09/13 15:55:08 INFO  - jmeter.threads.JMeterThread: Thread is done: Thread Group 1-60 
2017/09/13 15:55:08 INFO  - jmeter.threads.JMeterThread: Thread finished: Thread Group 1-60 
2017/09/13 15:55:08 INFO  - jmeter.threads.JMeterThread: Thread is done: Thread Group 1-81 
2017/09/13 15:55:08 INFO  - jmeter.threads.JMeterThread: Thread finished: Thread Group 1-81 
2017/09/13 15:55:08 INFO  - jmeter.threads.JMeterThread: Thread is done: Thread Group 1-83 
2017/09/13 15:55:08 INFO  - jmeter.threads.JMeterThread: Thread finished: Thread Group 1-83 
2017/09/13 15:55:09 INFO  - jmeter.threads.JMeterThread: Thread is done: Thread Group 1-80 
2017/09/13 15:55:09 INFO  - jmeter.threads.JMeterThread: Thread finished: Thread Group 1-80 
2017/09/13 15:55:10 INFO  - jmeter.threads.JMeterThread: Thread is done: Thread Group 1-86 
2017/09/13 15:55:10 INFO  - jmeter.threads.JMeterThread: Thread finished: Thread Group 1-86 
2017/09/13 15:55:10 INFO  - jmeter.threads.JMeterThread: Thread is done: Thread Group 1-82 
2017/09/13 15:55:10 INFO  - jmeter.threads.JMeterThread: Thread is done: Thread Group 1-50 
2017/09/13 15:55:10 INFO  - jmeter.threads.JMeterThread: Thread finished: Thread Group 1-82 
2017/09/13 15:55:10 INFO  - jmeter.threads.JMeterThread: Thread is done: Thread Group 1-72 
2017/09/13 15:55:10 INFO  - jmeter.threads.JMeterThread: Thread finished: Thread Group 1-72 
2017/09/13 15:55:10 INFO  - jmeter.threads.JMeterThread: Thread finished: Thread Group 1-50 
2017/09/13 15:55:10 INFO  - jmeter.threads.JMeterThread: Thread is done: Thread Group 1-79 
2017/09/13 15:55:10 INFO  - jmeter.threads.JMeterThread: Thread finished: Thread Group 1-79 
2017/09/13 15:55:11 INFO  - jmeter.threads.JMeterThread: Thread is done: Thread Group 1-61 
2017/09/13 15:55:11 INFO  - jmeter.threads.JMeterThread: Thread finished: Thread Group 1-61 
2017/09/13 15:55:11 INFO  - jmeter.threads.JMeterThread: Thread is done: Thread Group 1-99 
2017/09/13 15:55:11 INFO  - jmeter.threads.JMeterThread: Thread finished: Thread Group 1-99 
2017/09/13 15:55:11 INFO  - jmeter.threads.JMeterThread: Thread is done: Thread Group 1-100 
2017/09/13 15:55:11 INFO  - jmeter.threads.JMeterThread: Thread finished: Thread Group 1-100 
2017/09/13 15:55:12 INFO  - jmeter.threads.JMeterThread: Thread is done: Thread Group 1-88 
2017/09/13 15:55:12 INFO  - jmeter.threads.JMeterThread: Thread finished: Thread Group 1-88 
2017/09/13 15:55:13 INFO  - jmeter.threads.JMeterThread: Thread is done: Thread Group 1-91 
2017/09/13 15:55:13 INFO  - jmeter.threads.JMeterThread: Thread finished: Thread Group 1-91 
2017/09/13 15:55:13 INFO  - jmeter.threads.JMeterThread: Thread is done: Thread Group 1-93 
2017/09/13 15:55:13 INFO  - jmeter.threads.JMeterThread: Thread finished: Thread Group 1-93 
2017/09/13 15:55:13 INFO  - jmeter.threads.JMeterThread: Thread is done: Thread Group 1-89 
2017/09/13 15:55:13 INFO  - jmeter.threads.JMeterThread: Thread finished: Thread Group 1-89 
2017/09/13 15:55:13 INFO  - jmeter.threads.JMeterThread: Thread is done: Thread Group 1-90 
2017/09/13 15:55:13 INFO  - jmeter.threads.JMeterThread: Thread finished: Thread Group 1-90 
2017/09/13 15:55:13 INFO  - jmeter.threads.JMeterThread: Thread is done: Thread Group 1-85 
2017/09/13 15:55:13 INFO  - jmeter.threads.JMeterThread: Thread is done: Thread Group 1-87 
2017/09/13 15:55:13 INFO  - jmeter.threads.JMeterThread: Thread finished: Thread Group 1-85 
2017/09/13 15:55:13 INFO  - jmeter.threads.JMeterThread: Thread is done: Thread Group 1-92 
2017/09/13 15:55:13 INFO  - jmeter.threads.JMeterThread: Thread finished: Thread Group 1-87 
2017/09/13 15:55:13 INFO  - jmeter.threads.JMeterThread: Thread is done: Thread Group 1-84 
2017/09/13 15:55:13 INFO  - jmeter.threads.JMeterThread: Thread finished: Thread Group 1-84 
2017/09/13 15:55:13 INFO  - jmeter.threads.JMeterThread: Thread finished: Thread Group 1-92 
2017/09/13 15:55:14 INFO  - jmeter.threads.JMeterThread: Thread is done: Thread Group 1-96 
2017/09/13 15:55:14 INFO  - jmeter.threads.JMeterThread: Thread finished: Thread Group 1-96 
2017/09/13 15:55:14 INFO  - jmeter.threads.JMeterThread: Thread is done: Thread Group 1-65 
2017/09/13 15:55:14 INFO  - jmeter.threads.JMeterThread: Thread finished: Thread Group 1-65 
2017/09/13 15:55:14 INFO  - jmeter.threads.JMeterThread: Thread is done: Thread Group 1-97 
2017/09/13 15:55:14 INFO  - jmeter.threads.JMeterThread: Thread finished: Thread Group 1-97 
2017/09/13 15:55:14 INFO  - jmeter.threads.JMeterThread: Thread is done: Thread Group 1-95 
2017/09/13 15:55:14 INFO  - jmeter.threads.JMeterThread: Thread finished: Thread Group 1-95 
2017/09/13 15:55:14 INFO  - jmeter.threads.JMeterThread: Thread is done: Thread Group 1-94 
2017/09/13 15:55:14 INFO  - jmeter.threads.JMeterThread: Thread finished: Thread Group 1-94 
2017/09/13 15:55:14 INFO  - jmeter.threads.JMeterThread: Thread is done: Thread Group 1-98 
2017/09/13 15:55:14 INFO  - jmeter.threads.JMeterThread: Thread finished: Thread Group 1-98 
2017/09/13 15:55:15 INFO  - jmeter.threads.JMeterThread: Thread is done: Thread Group 1-74 
2017/09/13 15:55:15 INFO  - jmeter.threads.JMeterThread: Thread finished: Thread Group 1-74 
2017/09/13 15:55:15 INFO  - jmeter.engine.StandardJMeterEngine: Notifying test listeners of end of test 
2017/09/13 15:55:15 INFO  - jmeter.reporters.Summariser: summary +    521 in 00:00:15 =   34.3/s Avg:  2079 Min:   501 Max: 11496 Err:   312 (59.88%) Active: 0 Started: 100 Finished: 100 
2017/09/13 15:55:15 INFO  - jmeter.reporters.Summariser: summary =    800 in 00:00:22 =   35.7/s Avg:  1858 Min:   488 Max: 11496 Err:   400 (50.00%) 
